<?xml version="1.0" encoding="UTF-8"?>
<!-- Generated by org.testng.reporters.JUnitReportReporter -->
<testsuite skipped="1" hostname="Nithesh-Gowda" name="com.vTiger.testScripts.CreateOrganozation" tests="2" failures="0" timestamp="18 Aug 2020 16:45:28 GMT" time="16.361" errors="1">
  <testcase name="test" time="0.000" classname="com.vTiger.testScripts.CreateOrganozation">
    <skipped/>
  </testcase> <!-- test -->
  <testcase name="configBC" time="16.361" classname="com.vTiger.testScripts.CreateOrganozation">
    <error type="org.openqa.selenium.SessionNotCreatedException" message="session not created
from chrome not reachable
  (Session info: chrome=84.0.4147.125)
Build info: version: &#039;3.141.59&#039;, revision: &#039;e82be7d358&#039;, time: &#039;2018-11-14T08:25:53&#039;
System info: host: &#039;NITHESH-GOWDA&#039;, ip: &#039;192.168.43.140&#039;, os.name: &#039;Windows 8.1&#039;, os.arch: &#039;amd64&#039;, os.version: &#039;6.3&#039;, java.version: &#039;1.8.0_241&#039;
Driver info: driver.version: ChromeDriver
remote stacktrace: Backtrace:
	Ordinal0 [0x00AE9563+2725219]
	Ordinal0 [0x009E8551+1672529]
	Ordinal0 [0x008D0202+524802]
	Ordinal0 [0x008C99B2+498098]
	Ordinal0 [0x008CA09B+499867]
	Ordinal0 [0x008CAFF5+503797]
	Ordinal0 [0x008C6994+485780]
	Ordinal0 [0x008D0FF0+528368]
	Ordinal0 [0x0087D6C9+186057]
	Ordinal0 [0x0087CA3D+182845]
	Ordinal0 [0x0087A94B+174411]
	Ordinal0 [0x00862528+75048]
	Ordinal0 [0x008635A0+79264]
	Ordinal0 [0x00863539+79161]
	Ordinal0 [0x009FD607+1758727]
	GetHandleVerifier [0x00C06546+1050150]
	GetHandleVerifier [0x00C06291+1049457]
	GetHandleVerifier [0x00C110D7+1094071]
	GetHandleVerifier [0x00C06B46+1051686]
	Ordinal0 [0x009F5B06+1727238]
	Ordinal0 [0x009FEB7B+1764219]
	Ordinal0 [0x009FECE3+1764579]
	Ordinal0 [0x00A14C05+1854469]
	BaseThreadInitThunk [0x75B26A14+36]
	RtlInitializeExceptionChain [0x77DCAB4F+143]
	RtlInitializeExceptionChain [0x77DCAB1A+90]
">
      <![CDATA[org.openqa.selenium.SessionNotCreatedException: session not created
from chrome not reachable
  (Session info: chrome=84.0.4147.125)
Build info: version: '3.141.59', revision: 'e82be7d358', time: '2018-11-14T08:25:53'
System info: host: 'NITHESH-GOWDA', ip: '192.168.43.140', os.name: 'Windows 8.1', os.arch: 'amd64', os.version: '6.3', java.version: '1.8.0_241'
Driver info: driver.version: ChromeDriver
remote stacktrace: Backtrace:
Ordinal0 [0x00AE9563+2725219]
Ordinal0 [0x009E8551+1672529]
Ordinal0 [0x008D0202+524802]
Ordinal0 [0x008C99B2+498098]
Ordinal0 [0x008CA09B+499867]
Ordinal0 [0x008CAFF5+503797]
Ordinal0 [0x008C6994+485780]
Ordinal0 [0x008D0FF0+528368]
Ordinal0 [0x0087D6C9+186057]
Ordinal0 [0x0087CA3D+182845]
Ordinal0 [0x0087A94B+174411]
Ordinal0 [0x00862528+75048]
Ordinal0 [0x008635A0+79264]
Ordinal0 [0x00863539+79161]
Ordinal0 [0x009FD607+1758727]
GetHandleVerifier [0x00C06546+1050150]
GetHandleVerifier [0x00C06291+1049457]
GetHandleVerifier [0x00C110D7+1094071]
GetHandleVerifier [0x00C06B46+1051686]
Ordinal0 [0x009F5B06+1727238]
Ordinal0 [0x009FEB7B+1764219]
Ordinal0 [0x009FECE3+1764579]
Ordinal0 [0x00A14C05+1854469]
BaseThreadInitThunk [0x75B26A14+36]
RtlInitializeExceptionChain [0x77DCAB4F+143]
RtlInitializeExceptionChain [0x77DCAB1A+90]

at sun.reflect.NativeConstructorAccessorImpl.newInstance0(Native Method)
at sun.reflect.NativeConstructorAccessorImpl.newInstance(Unknown Source)
at sun.reflect.DelegatingConstructorAccessorImpl.newInstance(Unknown Source)
at java.lang.reflect.Constructor.newInstance(Unknown Source)
at org.openqa.selenium.remote.W3CHandshakeResponse.lambda$errorHandler$0(W3CHandshakeResponse.java:62)
at org.openqa.selenium.remote.HandshakeResponse.lambda$getResponseFunction$0(HandshakeResponse.java:30)
at org.openqa.selenium.remote.ProtocolHandshake.lambda$createSession$0(ProtocolHandshake.java:126)
at java.util.stream.ReferencePipeline$3$1.accept(Unknown Source)
at java.util.Spliterators$ArraySpliterator.tryAdvance(Unknown Source)
at java.util.stream.ReferencePipeline.forEachWithCancel(Unknown Source)
at java.util.stream.AbstractPipeline.copyIntoWithCancel(Unknown Source)
at java.util.stream.AbstractPipeline.copyInto(Unknown Source)
at java.util.stream.AbstractPipeline.wrapAndCopyInto(Unknown Source)
at java.util.stream.FindOps$FindOp.evaluateSequential(Unknown Source)
at java.util.stream.AbstractPipeline.evaluate(Unknown Source)
at java.util.stream.ReferencePipeline.findFirst(Unknown Source)
at org.openqa.selenium.remote.ProtocolHandshake.createSession(ProtocolHandshake.java:128)
at org.openqa.selenium.remote.ProtocolHandshake.createSession(ProtocolHandshake.java:74)
at org.openqa.selenium.remote.HttpCommandExecutor.execute(HttpCommandExecutor.java:136)
at org.openqa.selenium.remote.service.DriverCommandExecutor.execute(DriverCommandExecutor.java:83)
at org.openqa.selenium.remote.RemoteWebDriver.execute(RemoteWebDriver.java:552)
at org.openqa.selenium.remote.RemoteWebDriver.startSession(RemoteWebDriver.java:213)
at org.openqa.selenium.remote.RemoteWebDriver.<init>(RemoteWebDriver.java:131)
at org.openqa.selenium.chrome.ChromeDriver.<init>(ChromeDriver.java:181)
at org.openqa.selenium.chrome.ChromeDriver.<init>(ChromeDriver.java:168)
at org.openqa.selenium.chrome.ChromeDriver.<init>(ChromeDriver.java:123)
at com.vTiger.genericLib.Base.configBC(Base.java:25)
at sun.reflect.NativeMethodAccessorImpl.invoke0(Native Method)
at sun.reflect.NativeMethodAccessorImpl.invoke(Unknown Source)
at sun.reflect.DelegatingMethodAccessorImpl.invoke(Unknown Source)
at java.lang.reflect.Method.invoke(Unknown Source)
at org.testng.internal.MethodInvocationHelper.invokeMethod(MethodInvocationHelper.java:124)
at org.testng.internal.MethodInvocationHelper.invokeMethodConsideringTimeout(MethodInvocationHelper.java:59)
at org.testng.internal.Invoker.invokeConfigurationMethod(Invoker.java:458)
at org.testng.internal.Invoker.invokeConfigurations(Invoker.java:222)
at org.testng.internal.Invoker.invokeConfigurations(Invoker.java:142)
at org.testng.internal.TestMethodWorker.invokeBeforeClassMethods(TestMethodWorker.java:168)
at org.testng.internal.TestMethodWorker.run(TestMethodWorker.java:105)
at org.testng.TestRunner.privateRun(TestRunner.java:648)
at org.testng.TestRunner.run(TestRunner.java:505)
at org.testng.SuiteRunner.runTest(SuiteRunner.java:455)
at org.testng.SuiteRunner.runSequentially(SuiteRunner.java:450)
at org.testng.SuiteRunner.privateRun(SuiteRunner.java:415)
at org.testng.SuiteRunner.run(SuiteRunner.java:364)
at org.testng.SuiteRunnerWorker.runSuite(SuiteRunnerWorker.java:52)
at org.testng.SuiteRunnerWorker.run(SuiteRunnerWorker.java:84)
at org.testng.TestNG.runSuitesSequentially(TestNG.java:1208)
at org.testng.TestNG.runSuitesLocally(TestNG.java:1137)
at org.testng.TestNG.runSuites(TestNG.java:1049)
at org.testng.TestNG.run(TestNG.java:1017)
at org.testng.remote.AbstractRemoteTestNG.run(AbstractRemoteTestNG.java:114)
at org.testng.remote.RemoteTestNG.initAndRun(RemoteTestNG.java:251)
at org.testng.remote.RemoteTestNG.main(RemoteTestNG.java:77)
]]>
    </error>
  </testcase> <!-- configBC -->
</testsuite> <!-- com.vTiger.testScripts.CreateOrganozation -->
