<?xml version="1.0" encoding="UTF-8"?>
<!-- Generated by org.testng.reporters.JUnitReportReporter -->
<testsuite skipped="1" hostname="Nithesh-Gowda" name="com.Nithesh.contactTest.DeleteContact" tests="2" failures="0" timestamp="2020-08-07T19:10:46 IST" time="30.882" errors="1">
  <testcase name="deleteContactTest" time="0.000" classname="com.Nithesh.contactTest.DeleteContact">
    <skipped/>
  </testcase> <!-- deleteContactTest -->
  <system-out/>
  <testcase name="configBC" time="30.882" classname="com.Nithesh.contactTest.DeleteContact">
    <error type="org.openqa.selenium.WebDriverException" message="unknown error: Chrome failed to start: exited normally.
  (chrome not reachable)
  (The process started from chrome location C:\Program Files (x86)\Google\Chrome\Application\chrome.exe is no longer running, so ChromeDriver is assuming that Chrome has crashed.)
Build info: version: &#039;3.141.59&#039;, revision: &#039;e82be7d358&#039;, time: &#039;2018-11-14T08:17:03&#039;
System info: host: &#039;NITHESH-GOWDA&#039;, ip: &#039;192.168.56.1&#039;, os.name: &#039;Windows 8.1&#039;, os.arch: &#039;amd64&#039;, os.version: &#039;6.3&#039;, java.version: &#039;1.8.0_241&#039;
Driver info: driver.version: ChromeDriver
remote stacktrace: Backtrace:
	Ordinal0 [0x00C69563+2725219]
	Ordinal0 [0x00B68551+1672529]
	Ordinal0 [0x00A50359+525145]
	Ordinal0 [0x009DD90B+55563]
	Ordinal0 [0x009FCC37+183351]
	Ordinal0 [0x009FCA3D+182845]
	Ordinal0 [0x009FA94B+174411]
	Ordinal0 [0x009E2528+75048]
	Ordinal0 [0x009E35A0+79264]
	Ordinal0 [0x009E3539+79161]
	Ordinal0 [0x00B7D607+1758727]
	GetHandleVerifier [0x00D86546+1050150]
	GetHandleVerifier [0x00D86291+1049457]
	GetHandleVerifier [0x00D910D7+1094071]
	GetHandleVerifier [0x00D86B46+1051686]
	Ordinal0 [0x00B75B06+1727238]
	Ordinal0 [0x00B7EB7B+1764219]
	Ordinal0 [0x00B7ECE3+1764579]
	Ordinal0 [0x00B94C05+1854469]
	BaseThreadInitThunk [0x759F6A14+36]
	RtlInitializeExceptionChain [0x76F9AB4F+143]
	RtlInitializeExceptionChain [0x76F9AB1A+90]
">
      <![CDATA[org.openqa.selenium.WebDriverException: unknown error: Chrome failed to start: exited normally.
  (chrome not reachable)
  (The process started from chrome location C:\Program Files (x86)\Google\Chrome\Application\chrome.exe is no longer running, so ChromeDriver is assuming that Chrome has crashed.)
Build info: version: '3.141.59', revision: 'e82be7d358', time: '2018-11-14T08:17:03'
System info: host: 'NITHESH-GOWDA', ip: '192.168.56.1', os.name: 'Windows 8.1', os.arch: 'amd64', os.version: '6.3', java.version: '1.8.0_241'
Driver info: driver.version: ChromeDriver
remote stacktrace: Backtrace:
Ordinal0 [0x00C69563+2725219]
Ordinal0 [0x00B68551+1672529]
Ordinal0 [0x00A50359+525145]
Ordinal0 [0x009DD90B+55563]
Ordinal0 [0x009FCC37+183351]
Ordinal0 [0x009FCA3D+182845]
Ordinal0 [0x009FA94B+174411]
Ordinal0 [0x009E2528+75048]
Ordinal0 [0x009E35A0+79264]
Ordinal0 [0x009E3539+79161]
Ordinal0 [0x00B7D607+1758727]
GetHandleVerifier [0x00D86546+1050150]
GetHandleVerifier [0x00D86291+1049457]
GetHandleVerifier [0x00D910D7+1094071]
GetHandleVerifier [0x00D86B46+1051686]
Ordinal0 [0x00B75B06+1727238]
Ordinal0 [0x00B7EB7B+1764219]
Ordinal0 [0x00B7ECE3+1764579]
Ordinal0 [0x00B94C05+1854469]
BaseThreadInitThunk [0x759F6A14+36]
RtlInitializeExceptionChain [0x76F9AB4F+143]
RtlInitializeExceptionChain [0x76F9AB1A+90]

at sun.reflect.NativeConstructorAccessorImpl.newInstance0(Native Method)
at sun.reflect.NativeConstructorAccessorImpl.newInstance(Unknown Source)
at sun.reflect.DelegatingConstructorAccessorImpl.newInstance(Unknown Source)
at java.lang.reflect.Constructor.newInstance(Unknown Source)
at org.openqa.selenium.remote.W3CHandshakeResponse.lambda$errorHandler$0(W3CHandshakeResponse.java:62)
at org.openqa.selenium.remote.HandshakeResponse.lambda$getResponseFunction$0(HandshakeResponse.java:30)
at org.openqa.selenium.remote.ProtocolHandshake.lambda$createSession$0(ProtocolHandshake.java:126)
at java.util.stream.ReferencePipeline$3$1.accept(Unknown Source)
at java.util.Spliterators$ArraySpliterator.tryAdvance(Unknown Source)
at java.util.stream.ReferencePipeline.forEachWithCancel(Unknown Source)
at java.util.stream.AbstractPipeline.copyIntoWithCancel(Unknown Source)
at java.util.stream.AbstractPipeline.copyInto(Unknown Source)
at java.util.stream.AbstractPipeline.wrapAndCopyInto(Unknown Source)
at java.util.stream.FindOps$FindOp.evaluateSequential(Unknown Source)
at java.util.stream.AbstractPipeline.evaluate(Unknown Source)
at java.util.stream.ReferencePipeline.findFirst(Unknown Source)
at org.openqa.selenium.remote.ProtocolHandshake.createSession(ProtocolHandshake.java:128)
at org.openqa.selenium.remote.ProtocolHandshake.createSession(ProtocolHandshake.java:74)
at org.openqa.selenium.remote.HttpCommandExecutor.execute(HttpCommandExecutor.java:136)
at org.openqa.selenium.remote.service.DriverCommandExecutor.execute(DriverCommandExecutor.java:83)
at org.openqa.selenium.remote.RemoteWebDriver.execute(RemoteWebDriver.java:552)
at org.openqa.selenium.remote.RemoteWebDriver.startSession(RemoteWebDriver.java:213)
at org.openqa.selenium.remote.RemoteWebDriver.<init>(RemoteWebDriver.java:131)
at org.openqa.selenium.chrome.ChromeDriver.<init>(ChromeDriver.java:181)
at org.openqa.selenium.chrome.ChromeDriver.<init>(ChromeDriver.java:168)
at org.openqa.selenium.chrome.ChromeDriver.<init>(ChromeDriver.java:123)
at com.Nithesh.genericUtils.BaseClass.configBC(BaseClass.java:60)
at sun.reflect.NativeMethodAccessorImpl.invoke0(Native Method)
at sun.reflect.NativeMethodAccessorImpl.invoke(Unknown Source)
at sun.reflect.DelegatingMethodAccessorImpl.invoke(Unknown Source)
at java.lang.reflect.Method.invoke(Unknown Source)
at org.testng.internal.MethodInvocationHelper.invokeMethod(MethodInvocationHelper.java:134)
at org.testng.internal.MethodInvocationHelper.invokeMethodConsideringTimeout(MethodInvocationHelper.java:63)
at org.testng.internal.ConfigInvoker.invokeConfigurationMethod(ConfigInvoker.java:348)
at org.testng.internal.ConfigInvoker.invokeConfigurations(ConfigInvoker.java:302)
at org.testng.internal.TestMethodWorker.invokeBeforeClassMethods(TestMethodWorker.java:176)
at org.testng.internal.TestMethodWorker.run(TestMethodWorker.java:122)
at java.util.ArrayList.forEach(Unknown Source)
at org.testng.TestRunner.privateRun(TestRunner.java:766)
at org.testng.TestRunner.run(TestRunner.java:587)
at org.testng.SuiteRunner.runTest(SuiteRunner.java:384)
at org.testng.SuiteRunner.runSequentially(SuiteRunner.java:378)
at org.testng.SuiteRunner.privateRun(SuiteRunner.java:337)
at org.testng.SuiteRunner.run(SuiteRunner.java:286)
at org.testng.SuiteRunnerWorker.runSuite(SuiteRunnerWorker.java:53)
at org.testng.SuiteRunnerWorker.run(SuiteRunnerWorker.java:96)
at org.testng.TestNG.runSuitesSequentially(TestNG.java:1187)
at org.testng.TestNG.runSuitesLocally(TestNG.java:1109)
at org.testng.TestNG.runSuites(TestNG.java:1039)
at org.testng.TestNG.run(TestNG.java:1007)
at org.testng.remote.AbstractRemoteTestNG.run(AbstractRemoteTestNG.java:115)
at org.testng.remote.RemoteTestNG.initAndRun(RemoteTestNG.java:251)
at org.testng.remote.RemoteTestNG.main(RemoteTestNG.java:77)
]]>
    </error>
  </testcase> <!-- configBC -->
  <system-out/>
</testsuite> <!-- com.Nithesh.contactTest.DeleteContact -->
