<?xml version="1.0" encoding="UTF-8"?>
<testng-results skipped="0" failed="1" ignored="0" total="2" passed="1">
  <reporter-output>
  </reporter-output>
  <suite name="Default suite" duration-ms="69024" started-at="2020-08-10T16:23:14 IST" finished-at="2020-08-10T16:24:23 IST">
    <groups>
    </groups>
    <test name="Default test" duration-ms="69024" started-at="2020-08-10T16:23:14 IST" finished-at="2020-08-10T16:24:23 IST">
      <class name="com.Nithesh.ExtentReport.VtigerLoginTest">
        <test-method status="PASS" signature="configBT()[pri:0, instance:com.Nithesh.ExtentReport.VtigerLoginTest@48503868]" name="configBT" is-config="true" duration-ms="420" started-at="2020-08-10T16:23:14 IST" finished-at="2020-08-10T16:23:14 IST">
          <reporter-output>
          </reporter-output>
        </test-method> <!-- configBT -->
        <test-method status="PASS" signature="configBM()[pri:0, instance:com.Nithesh.ExtentReport.VtigerLoginTest@48503868]" name="configBM" is-config="true" duration-ms="31380" started-at="2020-08-10T16:23:14 IST" finished-at="2020-08-10T16:23:45 IST">
          <reporter-output>
          </reporter-output>
        </test-method> <!-- configBM -->
        <test-method status="FAIL" signature="test1()[pri:0, instance:com.Nithesh.ExtentReport.VtigerLoginTest@48503868]" name="test1" duration-ms="77" started-at="2020-08-10T16:23:45 IST" finished-at="2020-08-10T16:23:46 IST">
          <exception class="java.lang.AssertionError">
            <message>
              <![CDATA[expected [true] but found [false]]]>
            </message>
            <full-stacktrace>
              <![CDATA[java.lang.AssertionError: expected [true] but found [false]
at org.testng.Assert.fail(Assert.java:97)
at org.testng.Assert.failNotEquals(Assert.java:969)
at org.testng.Assert.assertTrue(Assert.java:43)
at org.testng.Assert.assertTrue(Assert.java:53)
at com.Nithesh.ExtentReport.VtigerLoginTest.test1(VtigerLoginTest.java:61)
at sun.reflect.NativeMethodAccessorImpl.invoke0(Native Method)
at sun.reflect.NativeMethodAccessorImpl.invoke(Unknown Source)
at sun.reflect.DelegatingMethodAccessorImpl.invoke(Unknown Source)
at java.lang.reflect.Method.invoke(Unknown Source)
at org.testng.internal.MethodInvocationHelper.invokeMethod(MethodInvocationHelper.java:134)
at org.testng.internal.TestInvoker.invokeMethod(TestInvoker.java:597)
at org.testng.internal.TestInvoker.invokeTestMethod(TestInvoker.java:173)
at org.testng.internal.MethodRunner.runInSequence(MethodRunner.java:46)
at org.testng.internal.TestInvoker$MethodInvocationAgent.invoke(TestInvoker.java:816)
at org.testng.internal.TestInvoker.invokeTestMethods(TestInvoker.java:146)
at org.testng.internal.TestMethodWorker.invokeTestMethods(TestMethodWorker.java:146)
at org.testng.internal.TestMethodWorker.run(TestMethodWorker.java:128)
at java.util.ArrayList.forEach(Unknown Source)
at org.testng.TestRunner.privateRun(TestRunner.java:766)
at org.testng.TestRunner.run(TestRunner.java:587)
at org.testng.SuiteRunner.runTest(SuiteRunner.java:384)
at org.testng.SuiteRunner.runSequentially(SuiteRunner.java:378)
at org.testng.SuiteRunner.privateRun(SuiteRunner.java:337)
at org.testng.SuiteRunner.run(SuiteRunner.java:286)
at org.testng.SuiteRunnerWorker.runSuite(SuiteRunnerWorker.java:53)
at org.testng.SuiteRunnerWorker.run(SuiteRunnerWorker.java:96)
at org.testng.TestNG.runSuitesSequentially(TestNG.java:1187)
at org.testng.TestNG.runSuitesLocally(TestNG.java:1109)
at org.testng.TestNG.runSuites(TestNG.java:1039)
at org.testng.TestNG.run(TestNG.java:1007)
at org.testng.remote.AbstractRemoteTestNG.run(AbstractRemoteTestNG.java:115)
at org.testng.remote.RemoteTestNG.initAndRun(RemoteTestNG.java:251)
at org.testng.remote.RemoteTestNG.main(RemoteTestNG.java:77)
]]>
            </full-stacktrace>
          </exception> <!-- java.lang.AssertionError -->
          <reporter-output>
          </reporter-output>
        </test-method> <!-- test1 -->
        <test-method status="PASS" signature="configAM(org.testng.ITestResult)[pri:0, instance:com.Nithesh.ExtentReport.VtigerLoginTest@48503868]" name="configAM" is-config="true" duration-ms="10140" started-at="2020-08-10T16:23:46 IST" finished-at="2020-08-10T16:23:56 IST">
          <params>
            <param index="0">
              <value>
                <![CDATA[[TestResult name=test1 status=FAILURE method=VtigerLoginTest.test1()[pri:0, instance:com.Nithesh.ExtentReport.VtigerLoginTest@48503868] output={null}]]]>
              </value>
            </param>
          </params>
          <reporter-output>
          </reporter-output>
        </test-method> <!-- configAM -->
        <test-method status="PASS" signature="configBM()[pri:0, instance:com.Nithesh.ExtentReport.VtigerLoginTest@48503868]" name="configBM" is-config="true" duration-ms="15264" started-at="2020-08-10T16:23:56 IST" finished-at="2020-08-10T16:24:11 IST">
          <reporter-output>
          </reporter-output>
        </test-method> <!-- configBM -->
        <test-method status="PASS" signature="test2()[pri:0, instance:com.Nithesh.ExtentReport.VtigerLoginTest@48503868]" name="test2" duration-ms="12" started-at="2020-08-10T16:24:11 IST" finished-at="2020-08-10T16:24:11 IST">
          <reporter-output>
          </reporter-output>
        </test-method> <!-- test2 -->
        <test-method status="PASS" signature="configAM(org.testng.ITestResult)[pri:0, instance:com.Nithesh.ExtentReport.VtigerLoginTest@48503868]" name="configAM" is-config="true" duration-ms="8647" started-at="2020-08-10T16:24:11 IST" finished-at="2020-08-10T16:24:20 IST">
          <params>
            <param index="0">
              <value>
                <![CDATA[[TestResult name=test2 status=SUCCESS method=VtigerLoginTest.test2()[pri:0, instance:com.Nithesh.ExtentReport.VtigerLoginTest@48503868] output={null}]]]>
              </value>
            </param>
          </params>
          <reporter-output>
          </reporter-output>
        </test-method> <!-- configAM -->
        <test-method status="PASS" signature="configAT()[pri:0, instance:com.Nithesh.ExtentReport.VtigerLoginTest@48503868]" name="configAT" is-config="true" duration-ms="2910" started-at="2020-08-10T16:24:20 IST" finished-at="2020-08-10T16:24:23 IST">
          <reporter-output>
          </reporter-output>
        </test-method> <!-- configAT -->
      </class> <!-- com.Nithesh.ExtentReport.VtigerLoginTest -->
    </test> <!-- Default test -->
  </suite> <!-- Default suite -->
</testng-results>
